
Collecting usage statistics. To deactivate, set browser.gatherUsageStats to false.


  You can now view your Streamlit app in your browser.

  Local URL: http://localhost:8501
  Network URL: http://100.89.143.250:8501
  External URL: http://181.214.70.140:8501

  Stopping...

Collecting usage statistics. To deactivate, set browser.gatherUsageStats to false.


  You can now view your Streamlit app in your browser.

  Local URL: http://localhost:8501
  Network URL: http://100.89.143.250:8501
  External URL: http://181.214.70.140:8501

Intentando acceder a la página de login: https://urc.cdmx.gob.mx/LAD_A2_2025-1/login/index.php
Error al acceder a la página de login. Status: 503
  Stopping...

Collecting usage statistics. To deactivate, set browser.gatherUsageStats to false.


  You can now view your Streamlit app in your browser.

  Local URL: http://localhost:8501
  Network URL: http://100.89.143.250:8501
  External URL: http://181.214.70.140:8501

  Stopping...

Collecting usage statistics. To deactivate, set browser.gatherUsageStats to false.


  You can now view your Streamlit app in your browser.

  Local URL: http://localhost:8501
  Network URL: http://100.89.143.250:8501
  External URL: http://194.124.76.24:8501

Intentando acceder a la página de login: https://urc.cdmx.gob.mx/LAD_A2_2025-1/login/index.php
Error al acceder a la página de login. Status: 503
Intentando acceder a la página de login: https://urc.cdmx.gob.mx/LAD_A2_2025-1/login/index.php
Error al acceder a la página de login. Status: 503
Intentando acceder a la página de login: https://urc.cdmx.gob.mx/LAD_A2_2025-1/login/index.php
Token de login encontrado y agregado a los datos de login
Login exitoso
Intentando obtener contenido de: https://urc.cdmx.gob.mx/LAD_A2_2025-1/mod/forum/discuss.php?d=22051&mode=1
Intentando obtener contenido de: https://urc.cdmx.gob.mx/LAD_A2_2025-1/mod/forum/discuss.php?d=22052&mode=1
Intentando obtener contenido de: https://urc.cdmx.gob.mx/LAD_A2_2025-1/mod/forum/discuss.php?d=22053&mode=1
Intentando obtener contenido de: https://urc.cdmx.gob.mx/LAD_A2_2025-1/mod/forum/discuss.php?d=22057&mode=1
Intentando obtener contenido de: https://urc.cdmx.gob.mx/LAD_A2_2025-1/mod/forum/discuss.php?d=22058&mode=1
Intentando obtener contenido de: https://urc.cdmx.gob.mx/LAD_A2_2025-1/mod/forum/discuss.php?d=22059&mode=1
Intentando obtener contenido de: https://urc.cdmx.gob.mx/LAD_A2_2025-1/mod/forum/discuss.php?d=22060&mode=1
Intentando obtener contenido de: https://urc.cdmx.gob.mx/LAD_A2_2025-1/mod/forum/discuss.php?d=22061&mode=1
Intentando obtener contenido de: https://urc.cdmx.gob.mx/LAD_A2_2025-1/mod/forum/discuss.php?d=22062&mode=1
Intentando obtener contenido de: https://urc.cdmx.gob.mx/LAD_A2_2025-1/mod/forum/discuss.php?d=22063&mode=1
Intentando obtener contenido de: https://urc.cdmx.gob.mx/LAD_A2_2025-1/mod/forum/discuss.php?d=22064&mode=1
Intentando obtener contenido de: https://urc.cdmx.gob.mx/LAD_A2_2025-1/mod/forum/discuss.php?d=22065&mode=1
Intentando acceder a la página de login: https://urc.cdmx.gob.mx/LAD_A2_2025-1/login/index.php
Token de login encontrado y agregado a los datos de login
Login exitoso
Intentando obtener contenido de: https://urc.cdmx.gob.mx/LAD_A2_2025-1/mod/assign/view.php?id=4797&group=3820
Intentando obtener contenido de: https://urc.cdmx.gob.mx/LAD_A2_2025-1/mod/assign/view.php?id=4797&group=3826
Intentando obtener contenido de: https://urc.cdmx.gob.mx/LAD_A2_2025-1/mod/assign/view.php?id=4797&group=3832
Intentando obtener contenido de: https://urc.cdmx.gob.mx/LAD_A2_2025-1/mod/assign/view.php?id=4803&group=3820
Intentando obtener contenido de: https://urc.cdmx.gob.mx/LAD_A2_2025-1/mod/assign/view.php?id=4803&group=3826
Intentando obtener contenido de: https://urc.cdmx.gob.mx/LAD_A2_2025-1/mod/assign/view.php?id=4803&group=3832
Intentando obtener contenido de: https://urc.cdmx.gob.mx/LAD_A2_2025-1/mod/assign/view.php?id=4809&group=3820
Intentando obtener contenido de: https://urc.cdmx.gob.mx/LAD_A2_2025-1/mod/assign/view.php?id=4809&group=3826
Intentando obtener contenido de: https://urc.cdmx.gob.mx/LAD_A2_2025-1/mod/assign/view.php?id=4809&group=3832
Intentando obtener contenido de: https://urc.cdmx.gob.mx/LAD_A2_2025-1/mod/assign/view.php?id=4812&group=3820
Intentando obtener contenido de: https://urc.cdmx.gob.mx/LAD_A2_2025-1/mod/assign/view.php?id=4812&group=3826
Intentando obtener contenido de: https://urc.cdmx.gob.mx/LAD_A2_2025-1/mod/assign/view.php?id=4812&group=3832
Intentando acceder a la página de login: https://urc.cdmx.gob.mx/LAD_A2_2025-1/login/index.php
Token de login encontrado y agregado a los datos de login
Login exitoso
Intentando obtener contenido de: https://urc.cdmx.gob.mx/LAD_A2_2025-1/mod/forum/discuss.php?d=22051&mode=1
Intentando obtener contenido de: https://urc.cdmx.gob.mx/LAD_A2_2025-1/mod/forum/discuss.php?d=22052&mode=1
Intentando obtener contenido de: https://urc.cdmx.gob.mx/LAD_A2_2025-1/mod/forum/discuss.php?d=22053&mode=1
Intentando obtener contenido de: https://urc.cdmx.gob.mx/LAD_A2_2025-1/mod/forum/discuss.php?d=22057&mode=1
Intentando obtener contenido de: https://urc.cdmx.gob.mx/LAD_A2_2025-1/mod/forum/discuss.php?d=22058&mode=1
Intentando obtener contenido de: https://urc.cdmx.gob.mx/LAD_A2_2025-1/mod/forum/discuss.php?d=22059&mode=1
Intentando obtener contenido de: https://urc.cdmx.gob.mx/LAD_A2_2025-1/mod/forum/discuss.php?d=22060&mode=1
Intentando obtener contenido de: https://urc.cdmx.gob.mx/LAD_A2_2025-1/mod/forum/discuss.php?d=22061&mode=1
Intentando obtener contenido de: https://urc.cdmx.gob.mx/LAD_A2_2025-1/mod/forum/discuss.php?d=22062&mode=1
Intentando obtener contenido de: https://urc.cdmx.gob.mx/LAD_A2_2025-1/mod/forum/discuss.php?d=22063&mode=1
Intentando obtener contenido de: https://urc.cdmx.gob.mx/LAD_A2_2025-1/mod/forum/discuss.php?d=22064&mode=1
Intentando obtener contenido de: https://urc.cdmx.gob.mx/LAD_A2_2025-1/mod/forum/discuss.php?d=22065&mode=1
Intentando acceder a la página de login: https://urc.cdmx.gob.mx/LAD_A2_2025-1/login/index.php
Token de login encontrado y agregado a los datos de login
Login exitoso
Intentando obtener contenido de: https://urc.cdmx.gob.mx/LAD_A2_2025-1/mod/assign/view.php?id=4797&group=3820
Intentando obtener contenido de: https://urc.cdmx.gob.mx/LAD_A2_2025-1/mod/assign/view.php?id=4797&group=3826
Intentando obtener contenido de: https://urc.cdmx.gob.mx/LAD_A2_2025-1/mod/assign/view.php?id=4797&group=3832
Intentando obtener contenido de: https://urc.cdmx.gob.mx/LAD_A2_2025-1/mod/assign/view.php?id=4803&group=3820
Intentando obtener contenido de: https://urc.cdmx.gob.mx/LAD_A2_2025-1/mod/assign/view.php?id=4803&group=3826
Intentando obtener contenido de: https://urc.cdmx.gob.mx/LAD_A2_2025-1/mod/assign/view.php?id=4803&group=3832
Intentando obtener contenido de: https://urc.cdmx.gob.mx/LAD_A2_2025-1/mod/assign/view.php?id=4809&group=3820
Intentando obtener contenido de: https://urc.cdmx.gob.mx/LAD_A2_2025-1/mod/assign/view.php?id=4809&group=3826
Intentando obtener contenido de: https://urc.cdmx.gob.mx/LAD_A2_2025-1/mod/assign/view.php?id=4809&group=3832
Intentando obtener contenido de: https://urc.cdmx.gob.mx/LAD_A2_2025-1/mod/assign/view.php?id=4812&group=3820
Intentando obtener contenido de: https://urc.cdmx.gob.mx/LAD_A2_2025-1/mod/assign/view.php?id=4812&group=3826
Intentando obtener contenido de: https://urc.cdmx.gob.mx/LAD_A2_2025-1/mod/assign/view.php?id=4812&group=3832
  Stopping...

Collecting usage statistics. To deactivate, set browser.gatherUsageStats to false.


  You can now view your Streamlit app in your browser.

  Local URL: http://localhost:8501
  Network URL: http://100.89.143.250:8501
  External URL: http://192.154.196.35:8501

2025-06-15 21:34:36.952 Serialization of dataframe to Arrow table was unsuccessful. Applying automatic fixes for column types to make the dataframe Arrow-compatible.
Traceback (most recent call last):
  File "/home/cons/www/.venv/lib/python3.12/site-packages/streamlit/dataframe_util.py", line 822, in convert_pandas_df_to_arrow_bytes
    table = pa.Table.from_pandas(df)
            ^^^^^^^^^^^^^^^^^^^^^^^^
  File "pyarrow/table.pxi", line 4793, in pyarrow.lib.Table.from_pandas
  File "/home/cons/www/.venv/lib/python3.12/site-packages/pyarrow/pandas_compat.py", line 639, in dataframe_to_arrays
    arrays = [convert_column(c, f)
              ^^^^^^^^^^^^^^^^^^^^
  File "/home/cons/www/.venv/lib/python3.12/site-packages/pyarrow/pandas_compat.py", line 626, in convert_column
    raise e
  File "/home/cons/www/.venv/lib/python3.12/site-packages/pyarrow/pandas_compat.py", line 620, in convert_column
    result = pa.array(col, type=type_, from_pandas=True, safe=safe)
             ^^^^^^^^^^^^^^^^^^^^^^^^^^^^^^^^^^^^^^^^^^^^^^^^^^^^^^
  File "pyarrow/array.pxi", line 365, in pyarrow.lib.array
  File "pyarrow/array.pxi", line 90, in pyarrow.lib._ndarray_to_array
  File "pyarrow/error.pxi", line 92, in pyarrow.lib.check_status
pyarrow.lib.ArrowInvalid: ("Could not convert '-' with type str: tried to convert to int64", 'Conversion failed for column Foro:Valoración para Foro integrador del aprendizaje. Tipos de Datos Abstractos y Estructuras de Datos Lineales (Real) with type object')
2025-06-17 19:40:23.153 Serialization of dataframe to Arrow table was unsuccessful. Applying automatic fixes for column types to make the dataframe Arrow-compatible.
Traceback (most recent call last):
  File "/home/cons/www/.venv/lib/python3.12/site-packages/streamlit/dataframe_util.py", line 822, in convert_pandas_df_to_arrow_bytes
    table = pa.Table.from_pandas(df)
            ^^^^^^^^^^^^^^^^^^^^^^^^
  File "pyarrow/table.pxi", line 4793, in pyarrow.lib.Table.from_pandas
  File "/home/cons/www/.venv/lib/python3.12/site-packages/pyarrow/pandas_compat.py", line 639, in dataframe_to_arrays
    arrays = [convert_column(c, f)
              ^^^^^^^^^^^^^^^^^^^^
  File "/home/cons/www/.venv/lib/python3.12/site-packages/pyarrow/pandas_compat.py", line 626, in convert_column
    raise e
  File "/home/cons/www/.venv/lib/python3.12/site-packages/pyarrow/pandas_compat.py", line 620, in convert_column
    result = pa.array(col, type=type_, from_pandas=True, safe=safe)
             ^^^^^^^^^^^^^^^^^^^^^^^^^^^^^^^^^^^^^^^^^^^^^^^^^^^^^^
  File "pyarrow/array.pxi", line 365, in pyarrow.lib.array
  File "pyarrow/array.pxi", line 90, in pyarrow.lib._ndarray_to_array
  File "pyarrow/error.pxi", line 92, in pyarrow.lib.check_status
pyarrow.lib.ArrowInvalid: ("Could not convert '-' with type str: tried to convert to int64", 'Conversion failed for column Foro:Valoración para Foro integrador del aprendizaje. Tipos de Datos Abstractos y Estructuras de Datos Lineales (Real) with type object')
Intentando acceder a la página de login: https://urc.cdmx.gob.mx/LAD_A2_2025-1/login/index.php
Token de login encontrado y agregado a los datos de login
Login exitoso
Intentando obtener contenido de: https://urc.cdmx.gob.mx/LAD_A2_2025-1/mod/forum/discuss.php?d=22051&mode=1
Intentando obtener contenido de: https://urc.cdmx.gob.mx/LAD_A2_2025-1/mod/forum/discuss.php?d=22052&mode=1
Intentando obtener contenido de: https://urc.cdmx.gob.mx/LAD_A2_2025-1/mod/forum/discuss.php?d=22053&mode=1
Intentando obtener contenido de: https://urc.cdmx.gob.mx/LAD_A2_2025-1/mod/forum/discuss.php?d=22057&mode=1
Intentando obtener contenido de: https://urc.cdmx.gob.mx/LAD_A2_2025-1/mod/forum/discuss.php?d=22058&mode=1
Intentando obtener contenido de: https://urc.cdmx.gob.mx/LAD_A2_2025-1/mod/forum/discuss.php?d=22059&mode=1
Intentando obtener contenido de: https://urc.cdmx.gob.mx/LAD_A2_2025-1/mod/forum/discuss.php?d=22060&mode=1
Intentando obtener contenido de: https://urc.cdmx.gob.mx/LAD_A2_2025-1/mod/forum/discuss.php?d=22061&mode=1
Intentando obtener contenido de: https://urc.cdmx.gob.mx/LAD_A2_2025-1/mod/forum/discuss.php?d=22062&mode=1
Intentando obtener contenido de: https://urc.cdmx.gob.mx/LAD_A2_2025-1/mod/forum/discuss.php?d=22063&mode=1
Intentando obtener contenido de: https://urc.cdmx.gob.mx/LAD_A2_2025-1/mod/forum/discuss.php?d=22064&mode=1
Intentando obtener contenido de: https://urc.cdmx.gob.mx/LAD_A2_2025-1/mod/forum/discuss.php?d=22065&mode=1
Intentando acceder a la página de login: https://urc.cdmx.gob.mx/LAD_A2_2025-1/login/index.php
Token de login encontrado y agregado a los datos de login
Login exitoso
Intentando obtener contenido de: https://urc.cdmx.gob.mx/LAD_A2_2025-1/mod/assign/view.php?id=4797&group=3820
Intentando obtener contenido de: https://urc.cdmx.gob.mx/LAD_A2_2025-1/mod/assign/view.php?id=4797&group=3826
Intentando obtener contenido de: https://urc.cdmx.gob.mx/LAD_A2_2025-1/mod/assign/view.php?id=4797&group=3832
Intentando obtener contenido de: https://urc.cdmx.gob.mx/LAD_A2_2025-1/mod/assign/view.php?id=4803&group=3820
Intentando obtener contenido de: https://urc.cdmx.gob.mx/LAD_A2_2025-1/mod/assign/view.php?id=4803&group=3826
Intentando obtener contenido de: https://urc.cdmx.gob.mx/LAD_A2_2025-1/mod/assign/view.php?id=4803&group=3832
Intentando obtener contenido de: https://urc.cdmx.gob.mx/LAD_A2_2025-1/mod/assign/view.php?id=4809&group=3820
Intentando obtener contenido de: https://urc.cdmx.gob.mx/LAD_A2_2025-1/mod/assign/view.php?id=4809&group=3826
Intentando obtener contenido de: https://urc.cdmx.gob.mx/LAD_A2_2025-1/mod/assign/view.php?id=4809&group=3832
Intentando obtener contenido de: https://urc.cdmx.gob.mx/LAD_A2_2025-1/mod/assign/view.php?id=4812&group=3820
Intentando obtener contenido de: https://urc.cdmx.gob.mx/LAD_A2_2025-1/mod/assign/view.php?id=4812&group=3826
Intentando obtener contenido de: https://urc.cdmx.gob.mx/LAD_A2_2025-1/mod/assign/view.php?id=4812&group=3832
Intentando acceder a la página de login: https://urc.cdmx.gob.mx/LAD_A2_2025-1/login/index.php
Token de login encontrado y agregado a los datos de login
Login exitoso
Intentando obtener contenido de: https://urc.cdmx.gob.mx/LAD_A2_2025-1/user/index.php?id=175
Intentando acceder a la página de login: https://urc.cdmx.gob.mx/LAD_A2_2025-1/login/index.php
Token de login encontrado y agregado a los datos de login
Login exitoso
Intentando obtener contenido de: https://urc.cdmx.gob.mx/LAD_A2_2025-1/user/index.php?id=175
Intentando acceder a la página de login: https://urc.cdmx.gob.mx/LAD_A2_2025-1/login/index.php
Token de login encontrado y agregado a los datos de login
Login exitoso
Intentando obtener contenido de: https://urc.cdmx.gob.mx/LAD_A2_2025-1/mod/forum/discuss.php?d=22051&mode=1
Intentando obtener contenido de: https://urc.cdmx.gob.mx/LAD_A2_2025-1/mod/forum/discuss.php?d=22052&mode=1
Intentando obtener contenido de: https://urc.cdmx.gob.mx/LAD_A2_2025-1/mod/forum/discuss.php?d=22053&mode=1
Intentando obtener contenido de: https://urc.cdmx.gob.mx/LAD_A2_2025-1/mod/forum/discuss.php?d=22057&mode=1
Intentando obtener contenido de: https://urc.cdmx.gob.mx/LAD_A2_2025-1/mod/forum/discuss.php?d=22058&mode=1
Intentando obtener contenido de: https://urc.cdmx.gob.mx/LAD_A2_2025-1/mod/forum/discuss.php?d=22059&mode=1
Intentando obtener contenido de: https://urc.cdmx.gob.mx/LAD_A2_2025-1/mod/forum/discuss.php?d=22060&mode=1
Intentando obtener contenido de: https://urc.cdmx.gob.mx/LAD_A2_2025-1/mod/forum/discuss.php?d=22061&mode=1
Intentando obtener contenido de: https://urc.cdmx.gob.mx/LAD_A2_2025-1/mod/forum/discuss.php?d=22062&mode=1
Intentando obtener contenido de: https://urc.cdmx.gob.mx/LAD_A2_2025-1/mod/forum/discuss.php?d=22063&mode=1
Intentando obtener contenido de: https://urc.cdmx.gob.mx/LAD_A2_2025-1/mod/forum/discuss.php?d=22064&mode=1
Intentando obtener contenido de: https://urc.cdmx.gob.mx/LAD_A2_2025-1/mod/forum/discuss.php?d=22065&mode=1
Intentando acceder a la página de login: https://urc.cdmx.gob.mx/LAD_A2_2025-1/login/index.php
Token de login encontrado y agregado a los datos de login
Login exitoso
Intentando obtener contenido de: https://urc.cdmx.gob.mx/LAD_A2_2025-1/mod/assign/view.php?id=4797&group=3820
Intentando obtener contenido de: https://urc.cdmx.gob.mx/LAD_A2_2025-1/mod/assign/view.php?id=4797&group=3826
Intentando obtener contenido de: https://urc.cdmx.gob.mx/LAD_A2_2025-1/mod/assign/view.php?id=4797&group=3832
Intentando obtener contenido de: https://urc.cdmx.gob.mx/LAD_A2_2025-1/mod/assign/view.php?id=4803&group=3820
Intentando obtener contenido de: https://urc.cdmx.gob.mx/LAD_A2_2025-1/mod/assign/view.php?id=4803&group=3826
Intentando obtener contenido de: https://urc.cdmx.gob.mx/LAD_A2_2025-1/mod/assign/view.php?id=4803&group=3832
Intentando obtener contenido de: https://urc.cdmx.gob.mx/LAD_A2_2025-1/mod/assign/view.php?id=4809&group=3820
Intentando obtener contenido de: https://urc.cdmx.gob.mx/LAD_A2_2025-1/mod/assign/view.php?id=4809&group=3826
Intentando obtener contenido de: https://urc.cdmx.gob.mx/LAD_A2_2025-1/mod/assign/view.php?id=4809&group=3832
Intentando obtener contenido de: https://urc.cdmx.gob.mx/LAD_A2_2025-1/mod/assign/view.php?id=4812&group=3820
Intentando obtener contenido de: https://urc.cdmx.gob.mx/LAD_A2_2025-1/mod/assign/view.php?id=4812&group=3826
Intentando obtener contenido de: https://urc.cdmx.gob.mx/LAD_A2_2025-1/mod/assign/view.php?id=4812&group=3832
  Stopping...

Collecting usage statistics. To deactivate, set browser.gatherUsageStats to false.

2025-06-19 08:28:42.566 Did not auto detect external IP.
Please go to https://docs.streamlit.io/ for debugging hints.

  You can now view your Streamlit app in your browser.

  Local URL: http://localhost:8501
  Network URL: http://192.168.1.100:8501

Intentando acceder a la página de login: https://urc.cdmx.gob.mx/LAD_A2_2025-1/login/index.php
Error durante el login: Connection timeout to host https://urc.cdmx.gob.mx/LAD_A2_2025-1/login/index.php
Intentando acceder a la página de login: https://urc.cdmx.gob.mx/LAD_A2_2025-1/login/index.php
Error durante el login: Connection timeout to host https://urc.cdmx.gob.mx/LAD_A2_2025-1/login/index.php
  Stopping...

Collecting usage statistics. To deactivate, set browser.gatherUsageStats to false.


  You can now view your Streamlit app in your browser.

  Local URL: http://localhost:8501
  Network URL: http://100.89.143.250:8501
  External URL: http://192.166.247.245:8501

2025-06-22 14:51:15.709 Serialization of dataframe to Arrow table was unsuccessful. Applying automatic fixes for column types to make the dataframe Arrow-compatible.
Traceback (most recent call last):
  File "/home/cons/www/.venv/lib/python3.12/site-packages/streamlit/dataframe_util.py", line 822, in convert_pandas_df_to_arrow_bytes
    table = pa.Table.from_pandas(df)
            ^^^^^^^^^^^^^^^^^^^^^^^^
  File "pyarrow/table.pxi", line 4793, in pyarrow.lib.Table.from_pandas
  File "/home/cons/www/.venv/lib/python3.12/site-packages/pyarrow/pandas_compat.py", line 639, in dataframe_to_arrays
    arrays = [convert_column(c, f)
              ^^^^^^^^^^^^^^^^^^^^
  File "/home/cons/www/.venv/lib/python3.12/site-packages/pyarrow/pandas_compat.py", line 626, in convert_column
    raise e
  File "/home/cons/www/.venv/lib/python3.12/site-packages/pyarrow/pandas_compat.py", line 620, in convert_column
    result = pa.array(col, type=type_, from_pandas=True, safe=safe)
             ^^^^^^^^^^^^^^^^^^^^^^^^^^^^^^^^^^^^^^^^^^^^^^^^^^^^^^
  File "pyarrow/array.pxi", line 365, in pyarrow.lib.array
  File "pyarrow/array.pxi", line 90, in pyarrow.lib._ndarray_to_array
  File "pyarrow/error.pxi", line 92, in pyarrow.lib.check_status
pyarrow.lib.ArrowInvalid: ("Could not convert '-' with type str: tried to convert to int64", 'Conversion failed for column Foro:Valoración para Foro integrador del aprendizaje. Tipos de Datos Abstractos y Estructuras de Datos Lineales (Real) with type object')
2025-06-25 16:11:37.012 Serialization of dataframe to Arrow table was unsuccessful. Applying automatic fixes for column types to make the dataframe Arrow-compatible.
Traceback (most recent call last):
  File "/home/cons/www/.venv/lib/python3.12/site-packages/streamlit/dataframe_util.py", line 822, in convert_pandas_df_to_arrow_bytes
    table = pa.Table.from_pandas(df)
            ^^^^^^^^^^^^^^^^^^^^^^^^
  File "pyarrow/table.pxi", line 4793, in pyarrow.lib.Table.from_pandas
  File "/home/cons/www/.venv/lib/python3.12/site-packages/pyarrow/pandas_compat.py", line 639, in dataframe_to_arrays
    arrays = [convert_column(c, f)
              ^^^^^^^^^^^^^^^^^^^^
  File "/home/cons/www/.venv/lib/python3.12/site-packages/pyarrow/pandas_compat.py", line 626, in convert_column
    raise e
  File "/home/cons/www/.venv/lib/python3.12/site-packages/pyarrow/pandas_compat.py", line 620, in convert_column
    result = pa.array(col, type=type_, from_pandas=True, safe=safe)
             ^^^^^^^^^^^^^^^^^^^^^^^^^^^^^^^^^^^^^^^^^^^^^^^^^^^^^^
  File "pyarrow/array.pxi", line 365, in pyarrow.lib.array
  File "pyarrow/array.pxi", line 90, in pyarrow.lib._ndarray_to_array
  File "pyarrow/error.pxi", line 92, in pyarrow.lib.check_status
pyarrow.lib.ArrowTypeError: ("Expected bytes, got a 'int' object", 'Conversion failed for column Foro:Valoración para Foro integrador del aprendizaje. Tipos de Datos Abstractos y Estructuras de Datos Lineales (Real) with type object')
Intentando acceder a la página de login: https://urc.cdmx.gob.mx/LAD_A2_2025-1/login/index.php
Token de login encontrado y agregado a los datos de login
Login exitoso
Intentando obtener contenido de: https://urc.cdmx.gob.mx/LAD_A2_2025-1/mod/forum/discuss.php?d=22051&mode=1
Intentando obtener contenido de: https://urc.cdmx.gob.mx/LAD_A2_2025-1/mod/forum/discuss.php?d=22052&mode=1
Intentando obtener contenido de: https://urc.cdmx.gob.mx/LAD_A2_2025-1/mod/forum/discuss.php?d=22053&mode=1
Intentando obtener contenido de: https://urc.cdmx.gob.mx/LAD_A2_2025-1/mod/forum/discuss.php?d=22057&mode=1
Intentando obtener contenido de: https://urc.cdmx.gob.mx/LAD_A2_2025-1/mod/forum/discuss.php?d=22058&mode=1
Intentando obtener contenido de: https://urc.cdmx.gob.mx/LAD_A2_2025-1/mod/forum/discuss.php?d=22059&mode=1
Intentando obtener contenido de: https://urc.cdmx.gob.mx/LAD_A2_2025-1/mod/forum/discuss.php?d=22060&mode=1
Intentando obtener contenido de: https://urc.cdmx.gob.mx/LAD_A2_2025-1/mod/forum/discuss.php?d=22061&mode=1
Intentando obtener contenido de: https://urc.cdmx.gob.mx/LAD_A2_2025-1/mod/forum/discuss.php?d=22062&mode=1
Intentando obtener contenido de: https://urc.cdmx.gob.mx/LAD_A2_2025-1/mod/forum/discuss.php?d=22063&mode=1
Intentando obtener contenido de: https://urc.cdmx.gob.mx/LAD_A2_2025-1/mod/forum/discuss.php?d=22064&mode=1
Intentando obtener contenido de: https://urc.cdmx.gob.mx/LAD_A2_2025-1/mod/forum/discuss.php?d=22065&mode=1
Intentando acceder a la página de login: https://urc.cdmx.gob.mx/LAD_A2_2025-1/login/index.php
Token de login encontrado y agregado a los datos de login
Login exitoso
Intentando obtener contenido de: https://urc.cdmx.gob.mx/LAD_A2_2025-1/mod/assign/view.php?id=4797&group=3820
Intentando obtener contenido de: https://urc.cdmx.gob.mx/LAD_A2_2025-1/mod/assign/view.php?id=4797&group=3826
Intentando obtener contenido de: https://urc.cdmx.gob.mx/LAD_A2_2025-1/mod/assign/view.php?id=4797&group=3832
Intentando obtener contenido de: https://urc.cdmx.gob.mx/LAD_A2_2025-1/mod/assign/view.php?id=4803&group=3820
Intentando obtener contenido de: https://urc.cdmx.gob.mx/LAD_A2_2025-1/mod/assign/view.php?id=4803&group=3826
Intentando obtener contenido de: https://urc.cdmx.gob.mx/LAD_A2_2025-1/mod/assign/view.php?id=4803&group=3832
Intentando obtener contenido de: https://urc.cdmx.gob.mx/LAD_A2_2025-1/mod/assign/view.php?id=4809&group=3820
Intentando obtener contenido de: https://urc.cdmx.gob.mx/LAD_A2_2025-1/mod/assign/view.php?id=4809&group=3826
Intentando obtener contenido de: https://urc.cdmx.gob.mx/LAD_A2_2025-1/mod/assign/view.php?id=4809&group=3832
Intentando obtener contenido de: https://urc.cdmx.gob.mx/LAD_A2_2025-1/mod/assign/view.php?id=4812&group=3820
Intentando obtener contenido de: https://urc.cdmx.gob.mx/LAD_A2_2025-1/mod/assign/view.php?id=4812&group=3826
Intentando obtener contenido de: https://urc.cdmx.gob.mx/LAD_A2_2025-1/mod/assign/view.php?id=4812&group=3832
Intentando acceder a la página de login: https://urc.cdmx.gob.mx/LAD_A2_2025-1/login/index.php
Token de login encontrado y agregado a los datos de login
Login exitoso
Intentando obtener contenido de: https://urc.cdmx.gob.mx/LAD_A2_2025-1/mod/forum/discuss.php?d=22051&mode=1
Intentando obtener contenido de: https://urc.cdmx.gob.mx/LAD_A2_2025-1/mod/forum/discuss.php?d=22052&mode=1
Intentando obtener contenido de: https://urc.cdmx.gob.mx/LAD_A2_2025-1/mod/forum/discuss.php?d=22053&mode=1
Intentando obtener contenido de: https://urc.cdmx.gob.mx/LAD_A2_2025-1/mod/forum/discuss.php?d=22057&mode=1
Intentando obtener contenido de: https://urc.cdmx.gob.mx/LAD_A2_2025-1/mod/forum/discuss.php?d=22058&mode=1
Intentando obtener contenido de: https://urc.cdmx.gob.mx/LAD_A2_2025-1/mod/forum/discuss.php?d=22059&mode=1
Intentando obtener contenido de: https://urc.cdmx.gob.mx/LAD_A2_2025-1/mod/forum/discuss.php?d=22060&mode=1
Intentando obtener contenido de: https://urc.cdmx.gob.mx/LAD_A2_2025-1/mod/forum/discuss.php?d=22061&mode=1
Intentando obtener contenido de: https://urc.cdmx.gob.mx/LAD_A2_2025-1/mod/forum/discuss.php?d=22062&mode=1
Intentando obtener contenido de: https://urc.cdmx.gob.mx/LAD_A2_2025-1/mod/forum/discuss.php?d=22063&mode=1
Intentando obtener contenido de: https://urc.cdmx.gob.mx/LAD_A2_2025-1/mod/forum/discuss.php?d=22064&mode=1
Intentando obtener contenido de: https://urc.cdmx.gob.mx/LAD_A2_2025-1/mod/forum/discuss.php?d=22065&mode=1
Intentando acceder a la página de login: https://urc.cdmx.gob.mx/LAD_A2_2025-1/login/index.php
Token de login encontrado y agregado a los datos de login
Login exitoso
Intentando obtener contenido de: https://urc.cdmx.gob.mx/LAD_A2_2025-1/user/index.php?id=175
Intentando acceder a la página de login: https://urc.cdmx.gob.mx/LAD_A2_2025-1/login/index.php
Intentando acceder a la página de login: https://urc.cdmx.gob.mx/LAD_A2_2025-1/login/index.php
Token de login encontrado y agregado a los datos de login
Token de login encontrado y agregado a los datos de login
Login exitoso
Intentando obtener contenido de: https://urc.cdmx.gob.mx/LAD_A2_2025-1/user/index.php?id=175
Login exitoso
Intentando obtener contenido de: https://urc.cdmx.gob.mx/LAD_A2_2025-1/user/index.php?id=175
Intentando acceder a la página de login: https://urc.cdmx.gob.mx/LAD_A2_2025-1/login/index.php
Token de login encontrado y agregado a los datos de login
Login exitoso
Intentando obtener contenido de: https://urc.cdmx.gob.mx/LAD_A2_2025-1/mod/assign/view.php?id=4812&group=3820
Intentando obtener contenido de: https://urc.cdmx.gob.mx/LAD_A2_2025-1/mod/assign/view.php?id=4812&group=3826
Intentando obtener contenido de: https://urc.cdmx.gob.mx/LAD_A2_2025-1/mod/assign/view.php?id=4812&group=3832
Intentando acceder a la página de login: https://urc.cdmx.gob.mx/LAD_A2_2025-1/login/index.php
Token de login encontrado y agregado a los datos de login
Login exitoso
Intentando obtener contenido de: https://urc.cdmx.gob.mx/LAD_A2_2025-1/mod/forum/discuss.php?d=22051&mode=1
Intentando obtener contenido de: https://urc.cdmx.gob.mx/LAD_A2_2025-1/mod/forum/discuss.php?d=22052&mode=1
Intentando obtener contenido de: https://urc.cdmx.gob.mx/LAD_A2_2025-1/mod/forum/discuss.php?d=22053&mode=1
Intentando obtener contenido de: https://urc.cdmx.gob.mx/LAD_A2_2025-1/mod/forum/discuss.php?d=22057&mode=1
Intentando obtener contenido de: https://urc.cdmx.gob.mx/LAD_A2_2025-1/mod/forum/discuss.php?d=22058&mode=1
Intentando obtener contenido de: https://urc.cdmx.gob.mx/LAD_A2_2025-1/mod/forum/discuss.php?d=22059&mode=1
Intentando obtener contenido de: https://urc.cdmx.gob.mx/LAD_A2_2025-1/mod/forum/discuss.php?d=22060&mode=1
Intentando obtener contenido de: https://urc.cdmx.gob.mx/LAD_A2_2025-1/mod/forum/discuss.php?d=22061&mode=1
Intentando obtener contenido de: https://urc.cdmx.gob.mx/LAD_A2_2025-1/mod/forum/discuss.php?d=22062&mode=1
Intentando obtener contenido de: https://urc.cdmx.gob.mx/LAD_A2_2025-1/mod/forum/discuss.php?d=22063&mode=1
Intentando obtener contenido de: https://urc.cdmx.gob.mx/LAD_A2_2025-1/mod/forum/discuss.php?d=22064&mode=1
Intentando obtener contenido de: https://urc.cdmx.gob.mx/LAD_A2_2025-1/mod/forum/discuss.php?d=22065&mode=1
Intentando acceder a la página de login: https://urc.cdmx.gob.mx/LAD_A2_2025-1/login/index.php
Token de login encontrado y agregado a los datos de login
Login exitoso
Intentando obtener contenido de: https://urc.cdmx.gob.mx/LAD_A2_2025-1/mod/forum/discuss.php?d=22051&mode=1
Intentando obtener contenido de: https://urc.cdmx.gob.mx/LAD_A2_2025-1/mod/forum/discuss.php?d=22052&mode=1
Intentando obtener contenido de: https://urc.cdmx.gob.mx/LAD_A2_2025-1/mod/forum/discuss.php?d=22053&mode=1
Intentando obtener contenido de: https://urc.cdmx.gob.mx/LAD_A2_2025-1/mod/forum/discuss.php?d=22057&mode=1
Intentando obtener contenido de: https://urc.cdmx.gob.mx/LAD_A2_2025-1/mod/forum/discuss.php?d=22058&mode=1
Intentando obtener contenido de: https://urc.cdmx.gob.mx/LAD_A2_2025-1/mod/forum/discuss.php?d=22059&mode=1
Intentando obtener contenido de: https://urc.cdmx.gob.mx/LAD_A2_2025-1/mod/forum/discuss.php?d=22060&mode=1
Intentando obtener contenido de: https://urc.cdmx.gob.mx/LAD_A2_2025-1/mod/forum/discuss.php?d=22061&mode=1
Intentando obtener contenido de: https://urc.cdmx.gob.mx/LAD_A2_2025-1/mod/forum/discuss.php?d=22062&mode=1
Intentando obtener contenido de: https://urc.cdmx.gob.mx/LAD_A2_2025-1/mod/forum/discuss.php?d=22063&mode=1
Intentando obtener contenido de: https://urc.cdmx.gob.mx/LAD_A2_2025-1/mod/forum/discuss.php?d=22064&mode=1
Intentando obtener contenido de: https://urc.cdmx.gob.mx/LAD_A2_2025-1/mod/forum/discuss.php?d=22065&mode=1
Intentando acceder a la página de login: https://urc.cdmx.gob.mx/LAD_A2_2025-1/login/index.php
Token de login encontrado y agregado a los datos de login
Login exitoso
Intentando obtener contenido de: https://urc.cdmx.gob.mx/LAD_A2_2025-1/mod/assign/view.php?id=4812&group=3820
Intentando obtener contenido de: https://urc.cdmx.gob.mx/LAD_A2_2025-1/mod/assign/view.php?id=4812&group=3826
Intentando obtener contenido de: https://urc.cdmx.gob.mx/LAD_A2_2025-1/mod/assign/view.php?id=4812&group=3832
  Stopping...

Collecting usage statistics. To deactivate, set browser.gatherUsageStats to false.


  You can now view your Streamlit app in your browser.

  Local URL: http://localhost:8501
  Network URL: http://100.89.143.250:8501
  External URL: http://185.81.127.152:8501

2025-07-01 11:16:19.351 Serialization of dataframe to Arrow table was unsuccessful. Applying automatic fixes for column types to make the dataframe Arrow-compatible.
Traceback (most recent call last):
  File "/home/cons/www/.venv/lib/python3.12/site-packages/streamlit/dataframe_util.py", line 822, in convert_pandas_df_to_arrow_bytes
    table = pa.Table.from_pandas(df)
            ^^^^^^^^^^^^^^^^^^^^^^^^
  File "pyarrow/table.pxi", line 4793, in pyarrow.lib.Table.from_pandas
  File "/home/cons/www/.venv/lib/python3.12/site-packages/pyarrow/pandas_compat.py", line 639, in dataframe_to_arrays
    arrays = [convert_column(c, f)
              ^^^^^^^^^^^^^^^^^^^^
  File "/home/cons/www/.venv/lib/python3.12/site-packages/pyarrow/pandas_compat.py", line 626, in convert_column
    raise e
  File "/home/cons/www/.venv/lib/python3.12/site-packages/pyarrow/pandas_compat.py", line 620, in convert_column
    result = pa.array(col, type=type_, from_pandas=True, safe=safe)
             ^^^^^^^^^^^^^^^^^^^^^^^^^^^^^^^^^^^^^^^^^^^^^^^^^^^^^^
  File "pyarrow/array.pxi", line 365, in pyarrow.lib.array
  File "pyarrow/array.pxi", line 90, in pyarrow.lib._ndarray_to_array
  File "pyarrow/error.pxi", line 92, in pyarrow.lib.check_status
pyarrow.lib.ArrowTypeError: ("Expected bytes, got a 'int' object", 'Conversion failed for column Foro:Valoración para Foro de reforzamiento. Operaciones básicas con árboles y grafos en el contexto del SGL (Real) with type object')
2025-07-01 17:20:47.751 Serialization of dataframe to Arrow table was unsuccessful. Applying automatic fixes for column types to make the dataframe Arrow-compatible.
Traceback (most recent call last):
  File "/home/cons/www/.venv/lib/python3.12/site-packages/streamlit/dataframe_util.py", line 822, in convert_pandas_df_to_arrow_bytes
    table = pa.Table.from_pandas(df)
            ^^^^^^^^^^^^^^^^^^^^^^^^
  File "pyarrow/table.pxi", line 4793, in pyarrow.lib.Table.from_pandas
  File "/home/cons/www/.venv/lib/python3.12/site-packages/pyarrow/pandas_compat.py", line 639, in dataframe_to_arrays
    arrays = [convert_column(c, f)
              ^^^^^^^^^^^^^^^^^^^^
  File "/home/cons/www/.venv/lib/python3.12/site-packages/pyarrow/pandas_compat.py", line 626, in convert_column
    raise e
  File "/home/cons/www/.venv/lib/python3.12/site-packages/pyarrow/pandas_compat.py", line 620, in convert_column
    result = pa.array(col, type=type_, from_pandas=True, safe=safe)
             ^^^^^^^^^^^^^^^^^^^^^^^^^^^^^^^^^^^^^^^^^^^^^^^^^^^^^^
  File "pyarrow/array.pxi", line 365, in pyarrow.lib.array
  File "pyarrow/array.pxi", line 90, in pyarrow.lib._ndarray_to_array
  File "pyarrow/error.pxi", line 92, in pyarrow.lib.check_status
pyarrow.lib.ArrowTypeError: ("Expected bytes, got a 'int' object", 'Conversion failed for column Foro:Valoración para Foro de reforzamiento. Operaciones básicas con árboles y grafos en el contexto del SGL (Real) with type object')
2025-07-01 17:24:22.637 Serialization of dataframe to Arrow table was unsuccessful. Applying automatic fixes for column types to make the dataframe Arrow-compatible.
Traceback (most recent call last):
  File "/home/cons/www/.venv/lib/python3.12/site-packages/streamlit/dataframe_util.py", line 822, in convert_pandas_df_to_arrow_bytes
    table = pa.Table.from_pandas(df)
            ^^^^^^^^^^^^^^^^^^^^^^^^
  File "pyarrow/table.pxi", line 4793, in pyarrow.lib.Table.from_pandas
  File "/home/cons/www/.venv/lib/python3.12/site-packages/pyarrow/pandas_compat.py", line 639, in dataframe_to_arrays
    arrays = [convert_column(c, f)
              ^^^^^^^^^^^^^^^^^^^^
  File "/home/cons/www/.venv/lib/python3.12/site-packages/pyarrow/pandas_compat.py", line 626, in convert_column
    raise e
  File "/home/cons/www/.venv/lib/python3.12/site-packages/pyarrow/pandas_compat.py", line 620, in convert_column
    result = pa.array(col, type=type_, from_pandas=True, safe=safe)
             ^^^^^^^^^^^^^^^^^^^^^^^^^^^^^^^^^^^^^^^^^^^^^^^^^^^^^^
  File "pyarrow/array.pxi", line 365, in pyarrow.lib.array
  File "pyarrow/array.pxi", line 90, in pyarrow.lib._ndarray_to_array
  File "pyarrow/error.pxi", line 92, in pyarrow.lib.check_status
pyarrow.lib.ArrowTypeError: ("Expected bytes, got a 'int' object", 'Conversion failed for column Foro:Valoración para Foro de reforzamiento. Operaciones básicas con árboles y grafos en el contexto del SGL (Real) with type object')
2025-07-01 18:56:15.610 Serialization of dataframe to Arrow table was unsuccessful. Applying automatic fixes for column types to make the dataframe Arrow-compatible.
Traceback (most recent call last):
  File "/home/cons/www/.venv/lib/python3.12/site-packages/streamlit/dataframe_util.py", line 822, in convert_pandas_df_to_arrow_bytes
    table = pa.Table.from_pandas(df)
            ^^^^^^^^^^^^^^^^^^^^^^^^
  File "pyarrow/table.pxi", line 4793, in pyarrow.lib.Table.from_pandas
  File "/home/cons/www/.venv/lib/python3.12/site-packages/pyarrow/pandas_compat.py", line 639, in dataframe_to_arrays
    arrays = [convert_column(c, f)
              ^^^^^^^^^^^^^^^^^^^^
  File "/home/cons/www/.venv/lib/python3.12/site-packages/pyarrow/pandas_compat.py", line 626, in convert_column
    raise e
  File "/home/cons/www/.venv/lib/python3.12/site-packages/pyarrow/pandas_compat.py", line 620, in convert_column
    result = pa.array(col, type=type_, from_pandas=True, safe=safe)
             ^^^^^^^^^^^^^^^^^^^^^^^^^^^^^^^^^^^^^^^^^^^^^^^^^^^^^^
  File "pyarrow/array.pxi", line 365, in pyarrow.lib.array
  File "pyarrow/array.pxi", line 90, in pyarrow.lib._ndarray_to_array
  File "pyarrow/error.pxi", line 92, in pyarrow.lib.check_status
pyarrow.lib.ArrowTypeError: ("Expected bytes, got a 'int' object", 'Conversion failed for column Foro:Valoración para Foro de reforzamiento. Operaciones básicas con árboles y grafos en el contexto del SGL (Real) with type object')
2025-07-01 19:02:23.671 Serialization of dataframe to Arrow table was unsuccessful. Applying automatic fixes for column types to make the dataframe Arrow-compatible.
Traceback (most recent call last):
  File "/home/cons/www/.venv/lib/python3.12/site-packages/streamlit/dataframe_util.py", line 822, in convert_pandas_df_to_arrow_bytes
    table = pa.Table.from_pandas(df)
            ^^^^^^^^^^^^^^^^^^^^^^^^
  File "pyarrow/table.pxi", line 4793, in pyarrow.lib.Table.from_pandas
  File "/home/cons/www/.venv/lib/python3.12/site-packages/pyarrow/pandas_compat.py", line 639, in dataframe_to_arrays
    arrays = [convert_column(c, f)
              ^^^^^^^^^^^^^^^^^^^^
  File "/home/cons/www/.venv/lib/python3.12/site-packages/pyarrow/pandas_compat.py", line 626, in convert_column
    raise e
  File "/home/cons/www/.venv/lib/python3.12/site-packages/pyarrow/pandas_compat.py", line 620, in convert_column
    result = pa.array(col, type=type_, from_pandas=True, safe=safe)
             ^^^^^^^^^^^^^^^^^^^^^^^^^^^^^^^^^^^^^^^^^^^^^^^^^^^^^^
  File "pyarrow/array.pxi", line 365, in pyarrow.lib.array
  File "pyarrow/array.pxi", line 90, in pyarrow.lib._ndarray_to_array
  File "pyarrow/error.pxi", line 92, in pyarrow.lib.check_status
pyarrow.lib.ArrowTypeError: ("Expected bytes, got a 'int' object", 'Conversion failed for column Foro:Valoración para Foro de reforzamiento. Operaciones básicas con árboles y grafos en el contexto del SGL (Real) with type object')
2025-07-01 19:07:20.223 Serialization of dataframe to Arrow table was unsuccessful. Applying automatic fixes for column types to make the dataframe Arrow-compatible.
Traceback (most recent call last):
  File "/home/cons/www/.venv/lib/python3.12/site-packages/streamlit/dataframe_util.py", line 822, in convert_pandas_df_to_arrow_bytes
    table = pa.Table.from_pandas(df)
            ^^^^^^^^^^^^^^^^^^^^^^^^
  File "pyarrow/table.pxi", line 4793, in pyarrow.lib.Table.from_pandas
  File "/home/cons/www/.venv/lib/python3.12/site-packages/pyarrow/pandas_compat.py", line 639, in dataframe_to_arrays
    arrays = [convert_column(c, f)
              ^^^^^^^^^^^^^^^^^^^^
  File "/home/cons/www/.venv/lib/python3.12/site-packages/pyarrow/pandas_compat.py", line 626, in convert_column
    raise e
  File "/home/cons/www/.venv/lib/python3.12/site-packages/pyarrow/pandas_compat.py", line 620, in convert_column
    result = pa.array(col, type=type_, from_pandas=True, safe=safe)
             ^^^^^^^^^^^^^^^^^^^^^^^^^^^^^^^^^^^^^^^^^^^^^^^^^^^^^^
  File "pyarrow/array.pxi", line 365, in pyarrow.lib.array
  File "pyarrow/array.pxi", line 90, in pyarrow.lib._ndarray_to_array
  File "pyarrow/error.pxi", line 92, in pyarrow.lib.check_status
pyarrow.lib.ArrowTypeError: ("Expected bytes, got a 'int' object", 'Conversion failed for column Foro:Valoración para Foro de reforzamiento. Operaciones básicas con árboles y grafos en el contexto del SGL (Real) with type object')
2025-07-01 19:07:26.069 Serialization of dataframe to Arrow table was unsuccessful. Applying automatic fixes for column types to make the dataframe Arrow-compatible.
Traceback (most recent call last):
  File "/home/cons/www/.venv/lib/python3.12/site-packages/streamlit/dataframe_util.py", line 822, in convert_pandas_df_to_arrow_bytes
    table = pa.Table.from_pandas(df)
            ^^^^^^^^^^^^^^^^^^^^^^^^
  File "pyarrow/table.pxi", line 4793, in pyarrow.lib.Table.from_pandas
  File "/home/cons/www/.venv/lib/python3.12/site-packages/pyarrow/pandas_compat.py", line 639, in dataframe_to_arrays
    arrays = [convert_column(c, f)
              ^^^^^^^^^^^^^^^^^^^^
  File "/home/cons/www/.venv/lib/python3.12/site-packages/pyarrow/pandas_compat.py", line 626, in convert_column
    raise e
  File "/home/cons/www/.venv/lib/python3.12/site-packages/pyarrow/pandas_compat.py", line 620, in convert_column
    result = pa.array(col, type=type_, from_pandas=True, safe=safe)
             ^^^^^^^^^^^^^^^^^^^^^^^^^^^^^^^^^^^^^^^^^^^^^^^^^^^^^^
  File "pyarrow/array.pxi", line 365, in pyarrow.lib.array
  File "pyarrow/array.pxi", line 90, in pyarrow.lib._ndarray_to_array
  File "pyarrow/error.pxi", line 92, in pyarrow.lib.check_status
pyarrow.lib.ArrowTypeError: ("Expected bytes, got a 'int' object", 'Conversion failed for column Foro:Valoración para Foro de reforzamiento. Operaciones básicas con árboles y grafos en el contexto del SGL (Real) with type object')
Intentando acceder a la página de login: https://urc.cdmx.gob.mx/LAD_A2_2025-1/login/index.php
Token de login encontrado y agregado a los datos de login
Login exitoso
Intentando obtener contenido de: https://urc.cdmx.gob.mx/LAD_A2_2025-1/user/index.php?id=175
Intentando acceder a la página de login: https://urc.cdmx.gob.mx/LAD_A2_2025-1/login/index.php
Token de login encontrado y agregado a los datos de login
Login exitoso
Intentando obtener contenido de: https://urc.cdmx.gob.mx/LAD_A2_2025-1/mod/assign/view.php?id=4797&group=3820
Intentando obtener contenido de: https://urc.cdmx.gob.mx/LAD_A2_2025-1/mod/assign/view.php?id=4797&group=3826
Intentando obtener contenido de: https://urc.cdmx.gob.mx/LAD_A2_2025-1/mod/assign/view.php?id=4797&group=3832
Intentando obtener contenido de: https://urc.cdmx.gob.mx/LAD_A2_2025-1/mod/assign/view.php?id=4803&group=3820
Intentando obtener contenido de: https://urc.cdmx.gob.mx/LAD_A2_2025-1/mod/assign/view.php?id=4803&group=3826
Intentando obtener contenido de: https://urc.cdmx.gob.mx/LAD_A2_2025-1/mod/assign/view.php?id=4803&group=3832
Intentando obtener contenido de: https://urc.cdmx.gob.mx/LAD_A2_2025-1/mod/assign/view.php?id=4809&group=3820
Intentando obtener contenido de: https://urc.cdmx.gob.mx/LAD_A2_2025-1/mod/assign/view.php?id=4809&group=3826
Intentando obtener contenido de: https://urc.cdmx.gob.mx/LAD_A2_2025-1/mod/assign/view.php?id=4809&group=3832
Intentando obtener contenido de: https://urc.cdmx.gob.mx/LAD_A2_2025-1/mod/assign/view.php?id=4812&group=3820
Intentando obtener contenido de: https://urc.cdmx.gob.mx/LAD_A2_2025-1/mod/assign/view.php?id=4812&group=3826
Intentando obtener contenido de: https://urc.cdmx.gob.mx/LAD_A2_2025-1/mod/assign/view.php?id=4812&group=3832
Intentando acceder a la página de login: https://urc.cdmx.gob.mx/LAD_A2_2025-1/login/index.php
Token de login encontrado y agregado a los datos de login
Login exitoso
Intentando obtener contenido de: https://urc.cdmx.gob.mx/LAD_A2_2025-1/mod/assign/view.php?id=4797&group=3820
Intentando obtener contenido de: https://urc.cdmx.gob.mx/LAD_A2_2025-1/mod/assign/view.php?id=4797&group=3826
Intentando obtener contenido de: https://urc.cdmx.gob.mx/LAD_A2_2025-1/mod/assign/view.php?id=4797&group=3832
Intentando obtener contenido de: https://urc.cdmx.gob.mx/LAD_A2_2025-1/mod/assign/view.php?id=4803&group=3820
Intentando obtener contenido de: https://urc.cdmx.gob.mx/LAD_A2_2025-1/mod/assign/view.php?id=4803&group=3826
Intentando obtener contenido de: https://urc.cdmx.gob.mx/LAD_A2_2025-1/mod/assign/view.php?id=4803&group=3832
Intentando obtener contenido de: https://urc.cdmx.gob.mx/LAD_A2_2025-1/mod/assign/view.php?id=4809&group=3820
Intentando obtener contenido de: https://urc.cdmx.gob.mx/LAD_A2_2025-1/mod/assign/view.php?id=4809&group=3826
Intentando obtener contenido de: https://urc.cdmx.gob.mx/LAD_A2_2025-1/mod/assign/view.php?id=4809&group=3832
Intentando obtener contenido de: https://urc.cdmx.gob.mx/LAD_A2_2025-1/mod/assign/view.php?id=4812&group=3820
Intentando obtener contenido de: https://urc.cdmx.gob.mx/LAD_A2_2025-1/mod/assign/view.php?id=4812&group=3826
Intentando obtener contenido de: https://urc.cdmx.gob.mx/LAD_A2_2025-1/mod/assign/view.php?id=4812&group=3832
Intentando acceder a la página de login: https://urc.cdmx.gob.mx/LAD_A2_2025-1/login/index.php
Token de login encontrado y agregado a los datos de login
Login exitoso
Intentando obtener contenido de: https://urc.cdmx.gob.mx/LAD_A2_2025-1/mod/forum/discuss.php?d=22051&mode=1
Intentando obtener contenido de: https://urc.cdmx.gob.mx/LAD_A2_2025-1/mod/forum/discuss.php?d=22052&mode=1
Intentando obtener contenido de: https://urc.cdmx.gob.mx/LAD_A2_2025-1/mod/forum/discuss.php?d=22053&mode=1
Intentando obtener contenido de: https://urc.cdmx.gob.mx/LAD_A2_2025-1/mod/forum/discuss.php?d=22057&mode=1
Intentando obtener contenido de: https://urc.cdmx.gob.mx/LAD_A2_2025-1/mod/forum/discuss.php?d=22058&mode=1
Intentando obtener contenido de: https://urc.cdmx.gob.mx/LAD_A2_2025-1/mod/forum/discuss.php?d=22059&mode=1
Intentando obtener contenido de: https://urc.cdmx.gob.mx/LAD_A2_2025-1/mod/forum/discuss.php?d=22060&mode=1
Intentando obtener contenido de: https://urc.cdmx.gob.mx/LAD_A2_2025-1/mod/forum/discuss.php?d=22061&mode=1
Intentando obtener contenido de: https://urc.cdmx.gob.mx/LAD_A2_2025-1/mod/forum/discuss.php?d=22062&mode=1
Intentando obtener contenido de: https://urc.cdmx.gob.mx/LAD_A2_2025-1/mod/forum/discuss.php?d=22063&mode=1
Intentando obtener contenido de: https://urc.cdmx.gob.mx/LAD_A2_2025-1/mod/forum/discuss.php?d=22064&mode=1
Intentando obtener contenido de: https://urc.cdmx.gob.mx/LAD_A2_2025-1/mod/forum/discuss.php?d=22065&mode=1
Intentando acceder a la página de login: https://urc.cdmx.gob.mx/LAD_A2_2025-1/login/index.php
Token de login encontrado y agregado a los datos de login
Login exitoso
Intentando obtener contenido de: https://urc.cdmx.gob.mx/LAD_A2_2025-1/user/index.php?id=175
Intentando acceder a la página de login: https://urc.cdmx.gob.mx/LAD_A2_2025-1/login/index.php
Token de login encontrado y agregado a los datos de login
Login exitoso
Intentando obtener contenido de: https://urc.cdmx.gob.mx/LAD_A2_2025-1/user/index.php?id=175
Correo electrónico enviado a jasonpollitomx15@gmail.com
Correo electrónico enviado a arec.glez@gmail.com
Correo electrónico enviado a ickner@gmail.com
Correo electrónico enviado a cristianmichell2505@gmail.com
Correo electrónico enviado a marioprepa1999@gmail.com
Correo electrónico enviado a pedrocolumnaa@gmail.com
Correo electrónico enviado a d.anagran95@gmail.com
Correo electrónico enviado a erick02alex11@gmail.com
Correo electrónico enviado a cgc28950821@gmail.com
Correo electrónico enviado a isaakysax24@gmail.com
Correo electrónico enviado a esmegutierrezvaldez@gmail.com
Correo electrónico enviado a carolinecastel.cc@gmail.com
Correo electrónico enviado a cg526768@gmail.com
Correo electrónico enviado a jmtzl2233@gmail.com
Correo electrónico enviado a octavioo432@gmail.com
Correo electrónico enviado a ian.rangel21@gmail.com
Correo electrónico enviado a amairanirioscam@gmail.com
Correo electrónico enviado a leticia.rosales2696@gmail.com
Correo electrónico enviado a alejandrosanchezcd@gmail.com
Correo electrónico enviado a angeltesorero29@gmail.com
Correo electrónico enviado a diana.bvj@gmail.com
Correo electrónico enviado a paketaxos12@gmail.com
Correo electrónico enviado a carloschavaamez.95@gmail.com
Correo electrónico enviado a coordinadoramagnolia.hopingles@gmail.com
Correo electrónico enviado a cego2331@gmail.com
Correo electrónico enviado a elizabeth.gonzalezmartinez1900@gmail.com
Correo electrónico enviado a lhzr7901@gmail.com
Correo electrónico enviado a nakata018@gmail.com
Correo electrónico enviado a silhv4606@gmail.com
Correo electrónico enviado a hiltonaxel1@gmail.com
Se han enviado 30 correos. Esperando 30 segundos...
Reanudando el envío de correos...
Correo electrónico enviado a juarezpatatuchiestefaniayzumi@gmail.com
Correo electrónico enviado a moralesrosarioluisgabriel@gmail.com
Correo electrónico enviado a juankl.nb@gmail.com
Correo electrónico enviado a liamcristopherornelas@gmail.com
Correo electrónico enviado a brunoyael155@gmail.com
Correo electrónico enviado a pazrr88@gmail.com
Correo electrónico enviado a monric30082001@gmail.com
Correo electrónico enviado a couple.mftc@gmail.com
Correo electrónico enviado a elguerosanpedro@gmail.com
Correo electrónico enviado a jackvazquezrojas21@gmail.com
Correo electrónico enviado a diegoarmando493@gmail.com
Correo electrónico enviado a alvajan.09@gmail.com
Correo electrónico enviado a rodolfobd1976@gmail.com
Correo electrónico enviado a cc5434584@gmail.com
Correo electrónico enviado a pifin7@gmail.com
Correo electrónico enviado a blancaelisafuentes@gmail.com
Correo electrónico enviado a marckgarcia89@gmail.com
Correo electrónico enviado a monica.flores4617@gmail.com
Correo electrónico enviado a anel9266@gmail.com
Correo electrónico enviado a sofi1507.sh@gmail.com
Correo electrónico enviado a lunamoonjg@gmail.com
Correo electrónico enviado a laragarcia2163@gmail.com
Correo electrónico enviado a auriix15@gmail.com
Correo electrónico enviado a kyamedina@gmail.com
Correo electrónico enviado a moralesramirezmireli@gmail.com
Correo electrónico enviado a aquinonavamari@gmail.com
Correo electrónico enviado a jlreyes127@gmail.com
Correo electrónico enviado a nomis2347@gmail.com
Correo electrónico enviado a leramirez600@gmail.com
Correo electrónico enviado a sheermussel5@gmail.com
Se han enviado 30 correos. Esperando 30 segundos...
Reanudando el envío de correos...
Correo electrónico enviado a nancy.torres@rcastellanos.cdmx.gob.mx
Correo electrónico enviado a nancy.torres@rcastellanos.cdmx.gob.mx
Correo electrónico enviado a nancy.torres@rcastellanos.cdmx.gob.mx
Correo electrónico enviado a nancy.torres@rcastellanos.cdmx.gob.mx
Correo electrónico enviado a nancy.torres@rcastellanos.cdmx.gob.mx
Correo electrónico enviado a amaya.constantino493@rcastellanos.cdmx.gob.mx
Correo electrónico enviado a amaya.constantino493@rcastellanos.cdmx.gob.mx
Correo electrónico enviado a amaya.constantino493@rcastellanos.cdmx.gob.mx
Correo electrónico enviado a amaya.constantino493@rcastellanos.cdmx.gob.mx
Correo electrónico enviado a amaya.constantino493@rcastellanos.cdmx.gob.mx
Todos los correos electrónicos han sido enviados.
  Stopping...

Collecting usage statistics. To deactivate, set browser.gatherUsageStats to false.


  You can now view your Streamlit app in your browser.

  Local URL: http://localhost:8501
  Network URL: http://100.89.143.250:8501
  External URL: http://216.183.125.148:8501

  Stopping...

Collecting usage statistics. To deactivate, set browser.gatherUsageStats to false.


  You can now view your Streamlit app in your browser.

  Local URL: http://localhost:8501
  Network URL: http://100.89.143.250:8501
  External URL: http://155.133.15.201:8501

  Stopping...

Collecting usage statistics. To deactivate, set browser.gatherUsageStats to false.


  You can now view your Streamlit app in your browser.

  Local URL: http://localhost:8501
  Network URL: http://100.89.143.250:8501
  External URL: http://185.229.59.60:8501

  Stopping...

Collecting usage statistics. To deactivate, set browser.gatherUsageStats to false.

Traceback (most recent call last):
  File "/home/cons/www/.venv/lib/python3.12/site-packages/streamlit/web/bootstrap.py", line 347, in run
    if asyncio.get_running_loop().is_running():
       ^^^^^^^^^^^^^^^^^^^^^^^^^^
RuntimeError: no running event loop

During handling of the above exception, another exception occurred:

Traceback (most recent call last):
  File "/home/cons/www/.venv/bin/streamlit", line 8, in <module>
    sys.exit(main())
             ^^^^^^
  File "/home/cons/www/.venv/lib/python3.12/site-packages/click/core.py", line 1442, in __call__
    return self.main(*args, **kwargs)
           ^^^^^^^^^^^^^^^^^^^^^^^^^^
  File "/home/cons/www/.venv/lib/python3.12/site-packages/click/core.py", line 1363, in main
    rv = self.invoke(ctx)
         ^^^^^^^^^^^^^^^^
  File "/home/cons/www/.venv/lib/python3.12/site-packages/click/core.py", line 1830, in invoke
    return _process_result(sub_ctx.command.invoke(sub_ctx))
                           ^^^^^^^^^^^^^^^^^^^^^^^^^^^^^^^
  File "/home/cons/www/.venv/lib/python3.12/site-packages/click/core.py", line 1226, in invoke
    return ctx.invoke(self.callback, **ctx.params)
           ^^^^^^^^^^^^^^^^^^^^^^^^^^^^^^^^^^^^^^^
  File "/home/cons/www/.venv/lib/python3.12/site-packages/click/core.py", line 794, in invoke
    return callback(*args, **kwargs)
           ^^^^^^^^^^^^^^^^^^^^^^^^^
  File "/home/cons/www/.venv/lib/python3.12/site-packages/streamlit/web/cli.py", line 240, in main_run
    _main_run(target, args, flag_options=kwargs)
  File "/home/cons/www/.venv/lib/python3.12/site-packages/streamlit/web/cli.py", line 276, in _main_run
    bootstrap.run(file, is_hello, args, flag_options)
  File "/home/cons/www/.venv/lib/python3.12/site-packages/streamlit/web/bootstrap.py", line 355, in run
    asyncio.run(main())
  File "/usr/lib/python3.12/asyncio/runners.py", line 194, in run
    return runner.run(main)
           ^^^^^^^^^^^^^^^^
  File "/usr/lib/python3.12/asyncio/runners.py", line 118, in run
    return self._loop.run_until_complete(task)
           ^^^^^^^^^^^^^^^^^^^^^^^^^^^^^^^^^^^
  File "/usr/lib/python3.12/asyncio/base_events.py", line 687, in run_until_complete
    return future.result()
           ^^^^^^^^^^^^^^^
  File "/home/cons/www/.venv/lib/python3.12/site-packages/streamlit/web/bootstrap.py", line 343, in main
    await run_server()
  File "/home/cons/www/.venv/lib/python3.12/site-packages/streamlit/web/bootstrap.py", line 321, in run_server
    await server.start()
  File "/home/cons/www/.venv/lib/python3.12/site-packages/streamlit/web/server/server.py", line 300, in start
    start_listening(app)
  File "/home/cons/www/.venv/lib/python3.12/site-packages/streamlit/web/server/server.py", line 148, in start_listening
    start_listening_tcp_socket(http_server)
  File "/home/cons/www/.venv/lib/python3.12/site-packages/streamlit/web/server/server.py", line 215, in start_listening_tcp_socket
    http_server.listen(port, address)
  File "/home/cons/www/.venv/lib/python3.12/site-packages/tornado/tcpserver.py", line 183, in listen
    sockets = bind_sockets(
              ^^^^^^^^^^^^^
  File "/home/cons/www/.venv/lib/python3.12/site-packages/tornado/netutil.py", line 162, in bind_sockets
    sock.bind(sockaddr)
OSError: [Errno 99] Cannot assign requested address

Collecting usage statistics. To deactivate, set browser.gatherUsageStats to false.


  You can now view your Streamlit app in your browser.

  Local URL: http://localhost:8501
  Network URL: http://100.89.143.250:8501
  External URL: http://185.229.59.60:8501

